<?xml version="1.0" encoding="UTF-8"?>
<!-- Generated by org.testng.reporters.JUnitXMLReporter -->
<testsuite hostname="DESKTOP-0NJPTMA" ignored="0" name="Test" tests="3" failures="0" timestamp="17 Mar 2020 03:56:55 GMT" time="81.474" errors="0">
  <testcase name="verifyShopAllDeptPageTitle" time="26.296" classname="com.costco.qa.tests.ShopAllDeptPageTest"/>
  <testcase name="logoTest" time="0.133" classname="com.costco.qa.tests.HomePageTest"/>
  <testcase name="searchBoxTest" time="0.805" classname="com.costco.qa.tests.HomePageTest"/>
</testsuite> <!-- Test -->
