<?xml version="1.0" encoding="UTF-8"?>
<testsuite xmlns:xsi="http://www.w3.org/2001/XMLSchema-instance" xsi:noNamespaceSchemaLocation="https://maven.apache.org/surefire/maven-surefire-plugin/xsd/surefire-test-report-3.0.xsd" version="3.0" name="TestSuite" time="82.834" tests="3" errors="0" skipped="0" failures="0">
  <properties>
[...]
</properties>
  <testcase name="verifyShopAllDeptPageTitle" classname="com.costco.qa.tests.ShopAllDeptPageTest" time="26.282"/>
  <testcase name="logoTest" classname="com.costco.qa.tests.HomePageTest" time="0.124"/>
  <testcase name="searchBoxTest" classname="com.costco.qa.tests.HomePageTest" time="0.793"/>
</testsuite>